<?xml version="1.0" encoding="UTF-8"?>
<!-- Generated by org.testng.reporters.JUnitXMLReporter -->
<testsuite ignored="0" hostname="DESKTOP-AELALK6" failures="1" tests="3" name="Test" time="98.707" errors="0" timestamp="2023-03-04T22:08:28 IST">
  <testcase classname="testcases.LoginTest" name="LogiFailureTest" time="20.336">
    <failure type="java.lang.AssertionError" message="expected [New message] but found [The email or password you have entered is invalid.]">
      <![CDATA[java.lang.AssertionError: expected [New message] but found [The email or password you have entered is invalid.]
at testcases.LoginTest.LogiFailureTest(LoginTest.java:29)
at java.base/java.util.ArrayList.forEach(ArrayList.java:1511)
... Removed 33 stack frames]]>
    </failure>
  </testcase> <!-- LogiFailureTest -->
  <testcase classname="testcases.LoginTest" name="LoginSuccessTest" time="16.948"/>
  <testcase classname="testcases.LoginTest" name="LoginTest12" time="17.542"/>
</testsuite> <!-- Test -->
