<?xml version="1.0" encoding="UTF-8"?>
<!-- Generated by org.testng.reporters.JUnitXMLReporter -->
<testsuite ignored="2" hostname="DESKTOP-AELALK6" failures="0" tests="1" name="Default test" time="39.197" errors="0" timestamp="2023-03-04T22:01:38 IST">
  <testcase classname="testcases.LoginTest" name="LoginSuccessTest" time="19.209"/>
  <testcase classname="testcases.LoginTest" name="LogiFailureTest" time="0.0">
    <ignored/>
  </testcase> <!-- LogiFailureTest -->
  <testcase classname="testcases.LoginTest" name="LoginTest12" time="0.0">
    <ignored/>
  </testcase> <!-- LoginTest12 -->
</testsuite> <!-- Default test -->
